2025-06-04 16:34:08 INFO::Writing function arguments to log file
2025-06-04 16:34:08 DEBUG::Function arguments
2025-06-04 16:34:08 DEBUG::Output folder: ETV364_differential_taxa_Maaslin2_Cyp7a1
2025-06-04 16:34:08 DEBUG::Min Abundance: 0.000000
2025-06-04 16:34:08 DEBUG::Min Prevalence: 0.100000
2025-06-04 16:34:08 DEBUG::Normalization: TSS
2025-06-04 16:34:08 DEBUG::Transform: LOG
2025-06-04 16:34:08 DEBUG::Analysis method: LM
2025-06-04 16:34:08 DEBUG::Max significance: 0.250000
2025-06-04 16:34:08 DEBUG::Random effects:
2025-06-04 16:34:08 DEBUG::Fixed effects: Group
2025-06-04 16:34:08 DEBUG::Correction method: BH
2025-06-04 16:34:08 DEBUG::Standardize: TRUE
2025-06-04 16:34:08 DEBUG::Cores: 1
2025-06-04 16:34:08 INFO::Verifying options selected are valid
2025-06-04 16:34:08 INFO::Determining format of input files
2025-06-04 16:34:08 INFO::Input format is data samples as rows and metadata samples as rows
2025-06-04 16:34:08 DEBUG::A total of 19 samples were found in both the data and metadata
2025-06-04 16:34:08 DEBUG::Reordering data/metadata to use same sample ordering
2025-06-04 16:34:08 INFO::Formula for fixed effects: expr ~  Group
2025-06-04 16:34:08 INFO::Filter data based on min abundance and min prevalence
2025-06-04 16:34:08 INFO::Total samples in data: 19
2025-06-04 16:34:08 INFO::Min samples required with min abundance for a feature not to be filtered: 1.900000
2025-06-04 16:34:08 INFO::Total filtered features: 37
2025-06-04 16:34:08 INFO::Filtered feature names from abundance and prevalence filtering: k__Bacteria.p__Actinobacteria.c__Coriobacteriia.o__Coriobacteriales.f__Atopobiaceae.g__Atopobiaceae_unclassified.s__Atopobiaceae_bacterium_FL090493, k__Bacteria.p__Bacteria_unclassified.c__Bacteria_unclassified.o__Bacteria_unclassified.f__Bacteria_unclassified.g__Bacteria_unclassified.s__Bacteria_unclassified_SGB44461, k__Bacteria.p__Bacteroidetes.c__Bacteroidia.o__Bacteroidales.f__Muribaculaceae.g__Duncaniella.s__Duncaniella_muris, k__Bacteria.p__Bacteroidetes.c__Bacteroidia.o__Bacteroidales.f__Muribaculaceae.g__Muribaculaceae_unclassified.s__Muribaculaceae_bacterium, k__Bacteria.p__Bacteroidetes.c__Bacteroidia.o__Bacteroidales.f__Rikenellaceae.g__GGB24102.s__GGB24102_SGB40205, k__Bacteria.p__Bacteroidetes.c__CFGB9508.o__OFGB9508.f__FGB9508.g__GGB27851.s__GGB27851_SGB40285, k__Bacteria.p__Firmicutes.c__Bacilli.o__Lactobacillales.f__Lactobacillaceae.g__Limosilactobacillus.s__Limosilactobacillus_reuteri, k__Bacteria.p__Firmicutes.c__Bacilli.o__Lactobacillales.f__Streptococcaceae.g__Streptococcus.s__Streptococcus_SGB45231, k__Bacteria.p__Firmicutes.c__CFGB10299.o__OFGB10299.f__FGB10299.g__GGB47127.s__GGB47127_SGB65053, k__Bacteria.p__Firmicutes.c__CFGB10344.o__OFGB10344.f__FGB10344.g__GGB31838.s__GGB31838_SGB45216, k__Bacteria.p__Firmicutes.c__CFGB1814.o__OFGB1814.f__FGB1814.g__GGB75900.s__GGB75900_SGB102322, k__Bacteria.p__Firmicutes.c__CFGB28877.o__OFGB28877.f__FGB28877.g__GGB28868.s__GGB28868_SGB41542, k__Bacteria.p__Firmicutes.c__CFGB3297.o__OFGB3297.f__FGB3297.g__GGB29668.s__GGB29668_SGB42476, k__Bacteria.p__Firmicutes.c__CFGB6645.o__OFGB6645.f__FGB6645.g__GGB28989.s__GGB28989_SGB41703, k__Bacteria.p__Firmicutes.c__CFGB75984.o__OFGB75984.f__FGB75984.g__GGB45564.s__GGB45564_SGB63259, k__Bacteria.p__Firmicutes.c__CFGB76081.o__OFGB76081.f__FGB76081.g__GGB31851.s__GGB31851_SGB45230, k__Bacteria.p__Firmicutes.c__CFGB76355.o__OFGB76355.f__FGB76355.g__GGB28422.s__GGB28422_SGB41005, k__Bacteria.p__Firmicutes.c__CFGB9479.o__OFGB9479.f__FGB9479.g__GGB28330.s__GGB28330_SGB40904, k__Bacteria.p__Firmicutes.c__CFGB9622.o__OFGB9622.f__FGB9622.g__GGB45513.s__GGB45513_SGB63185, k__Bacteria.p__Firmicutes.c__Clostridia.o__Eubacteriales.f__Clostridiaceae.g__Clostridium.s__Clostridium_butyricum, k__Bacteria.p__Firmicutes.c__Clostridia.o__Eubacteriales.f__Clostridiaceae.g__Clostridium.s__Clostridium_culturomicium, k__Bacteria.p__Firmicutes.c__Clostridia.o__Eubacteriales.f__Clostridiaceae.g__GGB28846.s__GGB28846_SGB41513, k__Bacteria.p__Firmicutes.c__Clostridia.o__Eubacteriales.f__Lachnospiraceae.g__GGB28865.s__GGB28865_SGB41537, k__Bacteria.p__Firmicutes.c__Clostridia.o__Eubacteriales.f__Lachnospiraceae.g__GGB30861.s__GGB30861_SGB44083, k__Bacteria.p__Firmicutes.c__Clostridia.o__Eubacteriales.f__Lachnospiraceae.g__GGB42598.s__GGB42598_SGB59794, k__Bacteria.p__Firmicutes.c__Clostridia.o__Eubacteriales.f__Lachnospiraceae.g__Lachnospiraceae_unclassified.s__Lachnospiraceae_bacterium_A2, k__Bacteria.p__Firmicutes.c__Clostridia.o__Eubacteriales.f__Lachnospiraceae.g__Lachnospiraceae_unclassified.s__Lachnospiraceae_bacterium_MD335, k__Bacteria.p__Firmicutes.c__Clostridia.o__Eubacteriales.f__Lachnospiraceae.g__Lachnospiraceae_unclassified.s__Lachnospiraceae_bacterium_NSJ_12, k__Bacteria.p__Firmicutes.c__Clostridia.o__Eubacteriales.f__Oscillospiraceae.g__Flavonifractor.s__Flavonifractor_plautii, k__Bacteria.p__Firmicutes.c__Clostridia.o__Eubacteriales.f__Oscillospiraceae.g__GGB30461.s__GGB30461_SGB63209, k__Bacteria.p__Firmicutes.c__Clostridia.o__Eubacteriales.f__Oscillospiraceae.g__GGB30463.s__GGB30463_SGB102197, k__Bacteria.p__Firmicutes.c__Clostridia.o__Eubacteriales.f__Oscillospiraceae.g__Ruthenibacterium.s__Ruthenibacterium_lactatiformans, k__Bacteria.p__Firmicutes.c__Negativicutes.o__Veillonellales.f__Veillonellaceae.g__GGB24148.s__GGB24148_SGB35952, k__Bacteria.p__Firmicutes.c__Tissierellia.o__Tissierellales.f__Peptoniphilaceae.g__GGB28437.s__GGB28437_SGB41020, k__Bacteria.p__Proteobacteria.c__Betaproteobacteria.o__Burkholderiales.f__Alcaligenaceae.g__Bordetella.s__Bordetella_pseudohinzii, k__Bacteria.p__Proteobacteria.c__Deltaproteobacteria.o__Desulfovibrionales.f__Desulfovibrionaceae.g__GGB28317.s__GGB28317_SGB40889, k__Bacteria.p__Proteobacteria.c__Deltaproteobacteria.o__Desulfovibrionales.f__Desulfovibrionaceae.g__GGB9819.s__GGB9819_SGB40890
2025-06-04 16:34:08 INFO::Total filtered features with variance filtering: 0
2025-06-04 16:34:08 INFO::Filtered feature names from variance filtering:
2025-06-04 16:34:08 INFO::Running selected normalization method: TSS
2025-06-04 16:34:08 INFO::Applying z-score to standardize continuous metadata
2025-06-04 16:34:08 INFO::Running selected transform method: LOG
2025-06-04 16:34:08 INFO::Running selected analysis method: LM
2025-06-04 16:34:08 INFO::Fitting model to feature number 1, k__Archaea.p__Euryarchaeota.c__Methanomicrobia.o__Methanosarcinales.f__Methanosarcinaceae.g__Methanomethylovorans.s__Methanomethylovorans_SGB40959
2025-06-04 16:34:08 INFO::Fitting model to feature number 2, k__Bacteria.p__Actinobacteria.c__Acidimicrobiia.o__Acidimicrobiales.f__Ilumatobacteraceae.g__GGB28818.s__GGB28818_SGB41473
2025-06-04 16:34:08 INFO::Fitting model to feature number 3, k__Bacteria.p__Actinobacteria.c__Actinomycetia.o__Bifidobacteriales.f__Bifidobacteriaceae.g__Bifidobacterium.s__Bifidobacterium_pseudolongum
2025-06-04 16:34:08 INFO::Fitting model to feature number 4, k__Bacteria.p__Actinobacteria.c__Actinomycetia.o__Micrococcales.f__Micrococcaceae.g__GGB42949.s__GGB42949_SGB43520
2025-06-04 16:34:08 INFO::Fitting model to feature number 5, k__Bacteria.p__Actinobacteria.c__Actinomycetia.o__Streptomycetales.f__Streptomycetaceae.g__GGB30301.s__GGB30301_SGB43265
2025-06-04 16:34:08 INFO::Fitting model to feature number 6, k__Bacteria.p__Actinobacteria.c__Coriobacteriia.o__Coriobacteriales.f__Coriobacteriaceae.g__Parvibacter.s__Parvibacter_caecicola
2025-06-04 16:34:08 INFO::Fitting model to feature number 7, k__Bacteria.p__Actinobacteria.c__Coriobacteriia.o__Eggerthellales.f__Eggerthellaceae.g__Adlercreutzia.s__Adlercreutzia_caecimuris
2025-06-04 16:34:08 INFO::Fitting model to feature number 8, k__Bacteria.p__Actinobacteria.c__Coriobacteriia.o__Eggerthellales.f__Eggerthellaceae.g__Adlercreutzia.s__Adlercreutzia_equolifaciens
2025-06-04 16:34:08 INFO::Fitting model to feature number 9, k__Bacteria.p__Actinobacteria.c__Coriobacteriia.o__Eggerthellales.f__Eggerthellaceae.g__Adlercreutzia.s__Adlercreutzia_mucosicola
2025-06-04 16:34:08 INFO::Fitting model to feature number 10, k__Bacteria.p__Actinobacteria.c__Coriobacteriia.o__Eggerthellales.f__Eggerthellaceae.g__Adlercreutzia.s__Adlercreutzia_muris
2025-06-04 16:34:08 INFO::Fitting model to feature number 11, k__Bacteria.p__Actinobacteria.c__Coriobacteriia.o__Eggerthellales.f__Eggerthellaceae.g__Eggerthellaceae_unclassified.s__Eggerthellaceae_bacterium
2025-06-04 16:34:08 INFO::Fitting model to feature number 12, k__Bacteria.p__Actinobacteria.c__Coriobacteriia.o__Eggerthellales.f__Eggerthellaceae.g__Enterorhabdus.s__Enterorhabdus_sp_P55
2025-06-04 16:34:08 INFO::Fitting model to feature number 13, k__Bacteria.p__Bacteria_unclassified.c__Bacteria_unclassified.o__Bacteria_unclassified.f__Bacteria_unclassified.g__Bacteria_unclassified.s__Bacteria_unclassified_SGB41508
2025-06-04 16:34:08 INFO::Fitting model to feature number 14, k__Bacteria.p__Bacteria_unclassified.c__Bacteria_unclassified.o__Bacteria_unclassified.f__Bacteria_unclassified.g__Bacteria_unclassified.s__Bacteria_unclassified_SGB41677
2025-06-04 16:34:08 INFO::Fitting model to feature number 15, k__Bacteria.p__Bacteria_unclassified.c__Bacteria_unclassified.o__Bacteria_unclassified.f__Bacteria_unclassified.g__Bacteria_unclassified.s__Bacteria_unclassified_SGB43541
2025-06-04 16:34:08 INFO::Fitting model to feature number 16, k__Bacteria.p__Bacteria_unclassified.c__Bacteria_unclassified.o__Bacteria_unclassified.f__Bacteria_unclassified.g__Bacteria_unclassified.s__Bacteria_unclassified_SGB63107
2025-06-04 16:34:08 INFO::Fitting model to feature number 17, k__Bacteria.p__Bacteria_unclassified.c__Bacteria_unclassified.o__Bacteria_unclassified.f__Bacteria_unclassified.g__Bacteria_unclassified.s__bacterium_0_1xD8_82
2025-06-04 16:34:08 INFO::Fitting model to feature number 18, k__Bacteria.p__Bacteria_unclassified.c__Bacteria_unclassified.o__Bacteria_unclassified.f__Bacteria_unclassified.g__Bacteria_unclassified.s__bacterium_1XD42_54
2025-06-04 16:34:08 INFO::Fitting model to feature number 19, k__Bacteria.p__Bacteria_unclassified.c__Bacteria_unclassified.o__Bacteria_unclassified.f__Bacteria_unclassified.g__Bacteria_unclassified.s__bacterium_1XD42_76
2025-06-04 16:34:08 INFO::Fitting model to feature number 20, k__Bacteria.p__Bacteria_unclassified.c__Bacteria_unclassified.o__Bacteria_unclassified.f__Bacteria_unclassified.g__Bacteria_unclassified.s__bacterium_1xD8_48
2025-06-04 16:34:08 INFO::Fitting model to feature number 21, k__Bacteria.p__Bacteria_unclassified.c__Bacteria_unclassified.o__Bacteria_unclassified.f__Bacteria_unclassified.g__GGB28951.s__GGB28951_SGB102295
2025-06-04 16:34:08 INFO::Fitting model to feature number 22, k__Bacteria.p__Bacteria_unclassified.c__Bacteria_unclassified.o__Bacteria_unclassified.f__Bacteria_unclassified.g__GGB28963.s__GGB28963_SGB41672
2025-06-04 16:34:08 INFO::Fitting model to feature number 23, k__Bacteria.p__Bacteria_unclassified.c__Bacteria_unclassified.o__Bacteria_unclassified.f__Bacteria_unclassified.g__GGB42601.s__GGB42601_SGB59797
2025-06-04 16:34:08 INFO::Fitting model to feature number 24, k__Bacteria.p__Bacteria_unclassified.c__Bacteria_unclassified.o__Bacteria_unclassified.f__Bacteria_unclassified.g__GGB79854.s__GGB79854_SGB41662
2025-06-04 16:34:08 INFO::Fitting model to feature number 25, k__Bacteria.p__Bacteria_unclassified.c__Bacteria_unclassified.o__Bacteria_unclassified.f__Bacteria_unclassified.g__GGB79854.s__GGB79854_SGB41664
2025-06-04 16:34:08 INFO::Fitting model to feature number 26, k__Bacteria.p__Bacteria_unclassified.c__CFGB49426.o__OFGB49426.f__FGB49426.g__GGB28888.s__GGB28888_SGB41569
2025-06-04 16:34:08 INFO::Fitting model to feature number 27, k__Bacteria.p__Bacteria_unclassified.c__CFGB49426.o__OFGB49426.f__FGB49426.g__GGB28889.s__GGB28889_SGB41570
2025-06-04 16:34:08 INFO::Fitting model to feature number 28, k__Bacteria.p__Bacteria_unclassified.c__CFGB76064.o__OFGB76064.f__FGB76064.g__GGB20145.s__GGB20145_SGB41586
2025-06-04 16:34:08 INFO::Fitting model to feature number 29, k__Bacteria.p__Bacteria_unclassified.c__CFGB76064.o__OFGB76064.f__FGB76064.g__GGB28904.s__GGB28904_SGB41597
2025-06-04 16:34:08 INFO::Fitting model to feature number 30, k__Bacteria.p__Bacteria_unclassified.c__CFGB76138.o__OFGB76138.f__FGB76138.g__GGB79948.s__GGB79948_SGB41679
2025-06-04 16:34:08 INFO::Fitting model to feature number 31, k__Bacteria.p__Bacteria_unclassified.c__CFGB76313.o__OFGB76313.f__FGB76313.g__GGB28927.s__GGB28927_SGB41625
2025-06-04 16:34:08 INFO::Fitting model to feature number 32, k__Bacteria.p__Bacteria_unclassified.c__CFGB8157.o__OFGB8157.f__FGB8157.g__GGB28898.s__GGB28898_SGB41580
2025-06-04 16:34:08 INFO::Fitting model to feature number 33, k__Bacteria.p__Bacteria_unclassified.c__CFGB9644.o__OFGB9644.f__FGB9644.g__GGB79804.s__GGB79804_SGB41650
2025-06-04 16:34:08 INFO::Fitting model to feature number 34, k__Bacteria.p__Bacteroidetes.c__Bacteroidia.o__Bacteroidales.f__Bacteroidaceae.g__GGB28892.s__GGB28892_SGB41573
2025-06-04 16:34:08 INFO::Fitting model to feature number 35, k__Bacteria.p__Bacteroidetes.c__Bacteroidia.o__Bacteroidales.f__Barnesiellaceae.g__Barnesiella.s__Barnesiella_sp_CU968
2025-06-04 16:34:08 INFO::Fitting model to feature number 36, k__Bacteria.p__Bacteroidetes.c__Bacteroidia.o__Bacteroidales.f__Muribaculaceae.g__GGB28916.s__GGB28916_SGB41612
2025-06-04 16:34:08 INFO::Fitting model to feature number 37, k__Bacteria.p__Bacteroidetes.c__Bacteroidia.o__Bacteroidales.f__Rikenellaceae.g__GGB24102.s__GGB24102_SGB44768
2025-06-04 16:34:08 INFO::Fitting model to feature number 38, k__Bacteria.p__Bacteroidetes.c__CFGB2838.o__OFGB2838.f__FGB2838.g__GGB28403.s__GGB28403_SGB40190
2025-06-04 16:34:08 INFO::Fitting model to feature number 39, k__Bacteria.p__Bacteroidetes.c__CFGB76111.o__OFGB76111.f__FGB76111.g__GGB79628.s__GGB79628_SGB35895
2025-06-04 16:34:08 INFO::Fitting model to feature number 40, k__Bacteria.p__Firmicutes.c__Bacilli.o__Bacillales.f__Staphylococcaceae.g__GGB27929.s__GGB27929_SGB41624
2025-06-04 16:34:08 INFO::Fitting model to feature number 41, k__Bacteria.p__Firmicutes.c__Bacilli.o__Bacillales.f__Staphylococcaceae.g__Staphylococcus.s__Staphylococcus_xylosus
2025-06-04 16:34:08 INFO::Fitting model to feature number 42, k__Bacteria.p__Firmicutes.c__Bacilli.o__Lactobacillales.f__Enterococcaceae.g__Enterococcus.s__Enterococcus_faecalis
2025-06-04 16:34:08 INFO::Fitting model to feature number 43, k__Bacteria.p__Firmicutes.c__Bacilli.o__Lactobacillales.f__Lactobacillaceae.g__GGB30087.s__GGB30087_SGB65084
2025-06-04 16:34:08 INFO::Fitting model to feature number 44, k__Bacteria.p__Firmicutes.c__Bacilli.o__Lactobacillales.f__Lactobacillaceae.g__Lactobacillus.s__Lactobacillus_johnsonii
2025-06-04 16:34:08 INFO::Fitting model to feature number 45, k__Bacteria.p__Firmicutes.c__Bacilli.o__Lactobacillales.f__Streptococcaceae.g__Lactococcus.s__Lactococcus_cremoris
2025-06-04 16:34:08 INFO::Fitting model to feature number 46, k__Bacteria.p__Firmicutes.c__Bacilli.o__Lactobacillales.f__Streptococcaceae.g__Lactococcus.s__Lactococcus_lactis
2025-06-04 16:34:08 INFO::Fitting model to feature number 47, k__Bacteria.p__Firmicutes.c__Bacilli.o__Lactobacillales.f__Streptococcaceae.g__Streptococcus.s__Streptococcus_danieliae
2025-06-04 16:34:08 INFO::Fitting model to feature number 48, k__Bacteria.p__Firmicutes.c__CFGB10344.o__OFGB10344.f__FGB10344.g__GGB31793.s__GGB31793_SGB45163
2025-06-04 16:34:08 INFO::Fitting model to feature number 49, k__Bacteria.p__Firmicutes.c__CFGB1227.o__OFGB1227.f__FGB1227.g__GGB75036.s__GGB75036_SGB102224
2025-06-04 16:34:08 INFO::Fitting model to feature number 50, k__Bacteria.p__Firmicutes.c__CFGB28820.o__OFGB28820.f__FGB28820.g__GGB28821.s__GGB28821_SGB41477
2025-06-04 16:34:08 INFO::Fitting model to feature number 51, k__Bacteria.p__Firmicutes.c__CFGB28820.o__OFGB28820.f__FGB28820.g__GGB75087.s__GGB75087_SGB102254
2025-06-04 16:34:08 INFO::Fitting model to feature number 52, k__Bacteria.p__Firmicutes.c__CFGB28877.o__OFGB28877.f__FGB28877.g__GGB29001.s__GGB29001_SGB41717
2025-06-04 16:34:08 INFO::Fitting model to feature number 53, k__Bacteria.p__Firmicutes.c__CFGB28980.o__OFGB28980.f__FGB28980.g__GGB28778.s__GGB28778_SGB41431
2025-06-04 16:34:08 INFO::Fitting model to feature number 54, k__Bacteria.p__Firmicutes.c__CFGB28980.o__OFGB28980.f__FGB28980.g__GGB28980.s__GGB28980_SGB41692
2025-06-04 16:34:08 INFO::Fitting model to feature number 55, k__Bacteria.p__Firmicutes.c__CFGB30328.o__OFGB30328.f__FGB30328.g__GGB1559.s__GGB1559_SGB43521
2025-06-04 16:34:08 INFO::Fitting model to feature number 56, k__Bacteria.p__Firmicutes.c__CFGB48875.o__OFGB48875.f__FGB48875.g__GGB28776.s__GGB28776_SGB41429
2025-06-04 16:34:08 INFO::Fitting model to feature number 57, k__Bacteria.p__Firmicutes.c__CFGB6645.o__OFGB6645.f__FGB6645.g__GGB28991.s__GGB28991_SGB41705
2025-06-04 16:34:08 INFO::Fitting model to feature number 58, k__Bacteria.p__Firmicutes.c__CFGB72709.o__OFGB72709.f__FGB72709.g__GGB30300.s__GGB30300_SGB43264
2025-06-04 16:34:08 INFO::Fitting model to feature number 59, k__Bacteria.p__Firmicutes.c__CFGB73217.o__OFGB73217.f__FGB73217.g__GGB28956.s__GGB28956_SGB41665
2025-06-04 16:34:08 INFO::Fitting model to feature number 60, k__Bacteria.p__Firmicutes.c__CFGB75900.o__OFGB75900.f__FGB75900.g__GGB45977.s__GGB45977_SGB41021
2025-06-04 16:34:08 INFO::Fitting model to feature number 61, k__Bacteria.p__Firmicutes.c__CFGB75925.o__OFGB75925.f__FGB75925.g__GGB31439.s__GGB31439_SGB44769
2025-06-04 16:34:08 INFO::Fitting model to feature number 62, k__Bacteria.p__Firmicutes.c__CFGB75988.o__OFGB75988.f__FGB75988.g__GGB79760.s__GGB79760_SGB63182
2025-06-04 16:34:08 INFO::Fitting model to feature number 63, k__Bacteria.p__Firmicutes.c__CFGB76074.o__OFGB76074.f__FGB76074.g__GGB28949.s__GGB28949_SGB41655
2025-06-04 16:34:08 INFO::Fitting model to feature number 64, k__Bacteria.p__Firmicutes.c__CFGB76077.o__OFGB76077.f__FGB76077.g__GGB28841.s__GGB28841_SGB41505
2025-06-04 16:34:08 INFO::Fitting model to feature number 65, k__Bacteria.p__Firmicutes.c__CFGB76077.o__OFGB76077.f__FGB76077.g__GGB28851.s__GGB28851_SGB41518
2025-06-04 16:34:08 INFO::Fitting model to feature number 66, k__Bacteria.p__Firmicutes.c__CFGB76077.o__OFGB76077.f__FGB76077.g__GGB28853.s__GGB28853_SGB41519
2025-06-04 16:34:08 INFO::Fitting model to feature number 67, k__Bacteria.p__Firmicutes.c__CFGB76084.o__OFGB76084.f__FGB76084.g__GGB28645.s__GGB28645_SGB41268
2025-06-04 16:34:08 INFO::Fitting model to feature number 68, k__Bacteria.p__Firmicutes.c__CFGB76170.o__OFGB76170.f__FGB76170.g__GGB28392.s__GGB28392_SGB40972
2025-06-04 16:34:08 INFO::Fitting model to feature number 69, k__Bacteria.p__Firmicutes.c__CFGB76234.o__OFGB76234.f__FGB76234.g__GGB28950.s__GGB28950_SGB41657
2025-06-04 16:34:08 INFO::Fitting model to feature number 70, k__Bacteria.p__Firmicutes.c__CFGB76293.o__OFGB76293.f__FGB76293.g__GGB20149.s__GGB20149_SGB29430
2025-06-04 16:34:08 INFO::Fitting model to feature number 71, k__Bacteria.p__Firmicutes.c__CFGB76293.o__OFGB76293.f__FGB76293.g__GGB28869.s__GGB28869_SGB41543
2025-06-04 16:34:08 INFO::Fitting model to feature number 72, k__Bacteria.p__Firmicutes.c__CFGB76293.o__OFGB76293.f__FGB76293.g__GGB28875.s__GGB28875_SGB41555
2025-06-04 16:34:08 INFO::Fitting model to feature number 73, k__Bacteria.p__Firmicutes.c__CFGB76293.o__OFGB76293.f__FGB76293.g__GGB62427.s__GGB62427_SGB41546
2025-06-04 16:34:08 INFO::Fitting model to feature number 74, k__Bacteria.p__Firmicutes.c__CFGB76293.o__OFGB76293.f__FGB76293.g__GGB79698.s__GGB79698_SGB102258
2025-06-04 16:34:08 INFO::Fitting model to feature number 75, k__Bacteria.p__Firmicutes.c__CFGB76293.o__OFGB76293.f__FGB76293.g__GGB79698.s__GGB79698_SGB41545
2025-06-04 16:34:08 INFO::Fitting model to feature number 76, k__Bacteria.p__Firmicutes.c__CFGB76308.o__OFGB76308.f__FGB76308.g__GGB28881.s__GGB28881_SGB41561
2025-06-04 16:34:08 INFO::Fitting model to feature number 77, k__Bacteria.p__Firmicutes.c__CFGB76314.o__OFGB76314.f__FGB76314.g__GGB28792.s__GGB28792_SGB41445
2025-06-04 16:34:08 INFO::Fitting model to feature number 78, k__Bacteria.p__Firmicutes.c__CFGB76322.o__OFGB76322.f__FGB76322.g__GGB28958.s__GGB28958_SGB41667
2025-06-04 16:34:08 INFO::Fitting model to feature number 79, k__Bacteria.p__Firmicutes.c__CFGB76322.o__OFGB76322.f__FGB76322.g__GGB30414.s__GGB30414_SGB43453
2025-06-04 16:34:08 INFO::Fitting model to feature number 80, k__Bacteria.p__Firmicutes.c__CFGB76355.o__OFGB76355.f__FGB76355.g__GGB28418.s__GGB28418_SGB41001
2025-06-04 16:34:08 INFO::Fitting model to feature number 81, k__Bacteria.p__Firmicutes.c__CFGB76576.o__OFGB76576.f__FGB76576.g__GGB29546.s__GGB29546_SGB42338
2025-06-04 16:34:08 INFO::Fitting model to feature number 82, k__Bacteria.p__Firmicutes.c__CFGB76790.o__OFGB76790.f__FGB76790.g__GGB30302.s__GGB30302_SGB43266
2025-06-04 16:34:08 INFO::Fitting model to feature number 83, k__Bacteria.p__Firmicutes.c__CFGB76790.o__OFGB76790.f__FGB76790.g__GGB30302.s__GGB30302_SGB43267
2025-06-04 16:34:08 INFO::Fitting model to feature number 84, k__Bacteria.p__Firmicutes.c__CFGB76790.o__OFGB76790.f__FGB76790.g__GGB30303.s__GGB30303_SGB43268
2025-06-04 16:34:08 INFO::Fitting model to feature number 85, k__Bacteria.p__Firmicutes.c__CFGB76790.o__OFGB76790.f__FGB76790.g__GGB45624.s__GGB45624_SGB63337
2025-06-04 16:34:08 INFO::Fitting model to feature number 86, k__Bacteria.p__Firmicutes.c__CFGB8152.o__OFGB8152.f__FGB8152.g__GGB28864.s__GGB28864_SGB41535
2025-06-04 16:34:08 INFO::Fitting model to feature number 87, k__Bacteria.p__Firmicutes.c__CFGB8152.o__OFGB8152.f__FGB8152.g__GGB28870.s__GGB28870_SGB41549
2025-06-04 16:34:08 INFO::Fitting model to feature number 88, k__Bacteria.p__Firmicutes.c__CFGB8157.o__OFGB8157.f__FGB8157.g__GGB28996.s__GGB28996_SGB41712
2025-06-04 16:34:08 INFO::Fitting model to feature number 89, k__Bacteria.p__Firmicutes.c__CFGB8157.o__OFGB8157.f__FGB8157.g__GGB79773.s__GGB79773_SGB65054
2025-06-04 16:34:08 INFO::Fitting model to feature number 90, k__Bacteria.p__Firmicutes.c__CFGB8157.o__OFGB8157.f__FGB8157.g__GGB79776.s__GGB79776_SGB41413
2025-06-04 16:34:08 INFO::Fitting model to feature number 91, k__Bacteria.p__Firmicutes.c__CFGB9397.o__OFGB9397.f__FGB9397.g__GGB79926.s__GGB79926_SGB43248
2025-06-04 16:34:08 INFO::Fitting model to feature number 92, k__Bacteria.p__Firmicutes.c__CFGB9506.o__OFGB9506.f__FGB9506.g__GGB28394.s__GGB28394_SGB40975
2025-06-04 16:34:08 INFO::Fitting model to feature number 93, k__Bacteria.p__Firmicutes.c__CFGB9517.o__OFGB9517.f__FGB9517.g__GGB28436.s__GGB28436_SGB41019
2025-06-04 16:34:08 INFO::Fitting model to feature number 94, k__Bacteria.p__Firmicutes.c__CFGB9589.o__OFGB9589.f__FGB9589.g__GGB28829.s__GGB28829_SGB41485
2025-06-04 16:34:08 INFO::Fitting model to feature number 95, k__Bacteria.p__Firmicutes.c__CFGB9633.o__OFGB9633.f__FGB9633.g__GGB28883.s__GGB28883_SGB41564
2025-06-04 16:34:08 INFO::Fitting model to feature number 96, k__Bacteria.p__Firmicutes.c__CFGB9644.o__OFGB9644.f__FGB9644.g__GGB28908.s__GGB28908_SGB41656
2025-06-04 16:34:08 INFO::Fitting model to feature number 97, k__Bacteria.p__Firmicutes.c__CFGB9827.o__OFGB9827.f__FGB9827.g__GGB29531.s__GGB29531_SGB42317
2025-06-04 16:34:08 INFO::Fitting model to feature number 98, k__Bacteria.p__Firmicutes.c__Clostridia.o__Clostridia_unclassified.f__Clostridia_unclassified.g__Candidatus_Metalachnospira.s__Candidatus_Metalachnospira_SGB63370
2025-06-04 16:34:08 INFO::Fitting model to feature number 99, k__Bacteria.p__Firmicutes.c__Clostridia.o__Clostridia_unclassified.f__Clostridia_unclassified.g__GGB28934.s__GGB28934_SGB41635
2025-06-04 16:34:08 INFO::Fitting model to feature number 100, k__Bacteria.p__Firmicutes.c__Clostridia.o__Clostridia_unclassified.f__Clostridia_unclassified.g__GGB75314.s__GGB75314_SGB102498
2025-06-04 16:34:08 INFO::Fitting model to feature number 101, k__Bacteria.p__Firmicutes.c__Clostridia.o__Clostridiales.f__Peptostreptococcaceae.g__Romboutsia.s__Romboutsia_ilealis
2025-06-04 16:34:08 INFO::Fitting model to feature number 102, k__Bacteria.p__Firmicutes.c__Clostridia.o__Eubacteriales.f__Christensenellaceae.g__GGB30455.s__GGB30455_SGB43519
2025-06-04 16:34:08 INFO::Fitting model to feature number 103, k__Bacteria.p__Firmicutes.c__Clostridia.o__Eubacteriales.f__Clostridiaceae.g__Clostridiaceae_unclassified.s__Clostridiaceae_bacterium
2025-06-04 16:34:08 INFO::Fitting model to feature number 104, k__Bacteria.p__Firmicutes.c__Clostridia.o__Eubacteriales.f__Clostridiaceae.g__Clostridium.s__Clostridium_SGB65123
2025-06-04 16:34:08 INFO::Fitting model to feature number 105, k__Bacteria.p__Firmicutes.c__Clostridia.o__Eubacteriales.f__Clostridiaceae.g__GGB30145.s__GGB30145_SGB43072
2025-06-04 16:34:08 INFO::Fitting model to feature number 106, k__Bacteria.p__Firmicutes.c__Clostridia.o__Eubacteriales.f__Clostridiaceae.g__GGB75085.s__GGB75085_SGB102286
2025-06-04 16:34:08 INFO::Fitting model to feature number 107, k__Bacteria.p__Firmicutes.c__Clostridia.o__Eubacteriales.f__Eubacteriaceae.g__GGB24132.s__GGB24132_SGB35935
2025-06-04 16:34:08 INFO::Fitting model to feature number 108, k__Bacteria.p__Firmicutes.c__Clostridia.o__Eubacteriales.f__Eubacteriaceae.g__GGB28632.s__GGB28632_SGB41253
2025-06-04 16:34:08 INFO::Fitting model to feature number 109, k__Bacteria.p__Firmicutes.c__Clostridia.o__Eubacteriales.f__Eubacteriaceae.g__GGB80168.s__GGB80168_SGB43527
2025-06-04 16:34:08 INFO::Fitting model to feature number 110, k__Bacteria.p__Firmicutes.c__Clostridia.o__Eubacteriales.f__Eubacteriales_Family_XIII_Incertae_Sedis.g__Emergencia.s__Emergencia_sp_1XD21_10
2025-06-04 16:34:08 INFO::Fitting model to feature number 111, k__Bacteria.p__Firmicutes.c__Clostridia.o__Eubacteriales.f__Eubacteriales_unclassified.g__Eubacteriales_unclassified.s__Clostridiales_bacterium
2025-06-04 16:34:08 INFO::Fitting model to feature number 112, k__Bacteria.p__Firmicutes.c__Clostridia.o__Eubacteriales.f__Lachnospiraceae.g__Acetatifactor.s__Acetatifactor_muris
2025-06-04 16:34:08 INFO::Fitting model to feature number 113, k__Bacteria.p__Firmicutes.c__Clostridia.o__Eubacteriales.f__Lachnospiraceae.g__Dorea.s__Dorea_sp_5_2
2025-06-04 16:34:08 INFO::Fitting model to feature number 114, k__Bacteria.p__Firmicutes.c__Clostridia.o__Eubacteriales.f__Lachnospiraceae.g__GGB28763.s__GGB28763_SGB41411
2025-06-04 16:34:08 INFO::Fitting model to feature number 115, k__Bacteria.p__Firmicutes.c__Clostridia.o__Eubacteriales.f__Lachnospiraceae.g__GGB28766.s__GGB28766_SGB41416
2025-06-04 16:34:08 INFO::Fitting model to feature number 116, k__Bacteria.p__Firmicutes.c__Clostridia.o__Eubacteriales.f__Lachnospiraceae.g__GGB28769.s__GGB28769_SGB41421
2025-06-04 16:34:08 INFO::Fitting model to feature number 117, k__Bacteria.p__Firmicutes.c__Clostridia.o__Eubacteriales.f__Lachnospiraceae.g__GGB28769.s__GGB28769_SGB94868
2025-06-04 16:34:08 INFO::Fitting model to feature number 118, k__Bacteria.p__Firmicutes.c__Clostridia.o__Eubacteriales.f__Lachnospiraceae.g__GGB28775.s__GGB28775_SGB41428
2025-06-04 16:34:08 INFO::Fitting model to feature number 119, k__Bacteria.p__Firmicutes.c__Clostridia.o__Eubacteriales.f__Lachnospiraceae.g__GGB28798.s__GGB28798_SGB41451
2025-06-04 16:34:08 INFO::Fitting model to feature number 120, k__Bacteria.p__Firmicutes.c__Clostridia.o__Eubacteriales.f__Lachnospiraceae.g__GGB28836.s__GGB28836_SGB41496
2025-06-04 16:34:08 INFO::Fitting model to feature number 121, k__Bacteria.p__Firmicutes.c__Clostridia.o__Eubacteriales.f__Lachnospiraceae.g__GGB28844.s__GGB28844_SGB102314
2025-06-04 16:34:08 INFO::Fitting model to feature number 122, k__Bacteria.p__Firmicutes.c__Clostridia.o__Eubacteriales.f__Lachnospiraceae.g__GGB28844.s__GGB28844_SGB41511
2025-06-04 16:34:08 INFO::Fitting model to feature number 123, k__Bacteria.p__Firmicutes.c__Clostridia.o__Eubacteriales.f__Lachnospiraceae.g__GGB42644.s__GGB42644_SGB59842
2025-06-04 16:34:08 INFO::Fitting model to feature number 124, k__Bacteria.p__Firmicutes.c__Clostridia.o__Eubacteriales.f__Lachnospiraceae.g__GGB75109.s__GGB75109_SGB102238
2025-06-04 16:34:08 INFO::Fitting model to feature number 125, k__Bacteria.p__Firmicutes.c__Clostridia.o__Eubacteriales.f__Lachnospiraceae.g__Lachnospiraceae_unclassified.s__Lachnospiraceae_bacterium
2025-06-04 16:34:08 INFO::Fitting model to feature number 126, k__Bacteria.p__Firmicutes.c__Clostridia.o__Eubacteriales.f__Lachnospiraceae.g__Lachnospiraceae_unclassified.s__Lachnospiraceae_bacterium_28_4
2025-06-04 16:34:08 INFO::Fitting model to feature number 127, k__Bacteria.p__Firmicutes.c__Clostridia.o__Eubacteriales.f__Lachnospiraceae.g__Lachnospiraceae_unclassified.s__Lachnospiraceae_bacterium_MD308
2025-06-04 16:34:08 INFO::Fitting model to feature number 128, k__Bacteria.p__Firmicutes.c__Clostridia.o__Eubacteriales.f__Lachnospiraceae.g__Lachnospiraceae_unclassified.s__Lachnospiraceae_bacterium_MD329
2025-06-04 16:34:08 INFO::Fitting model to feature number 129, k__Bacteria.p__Firmicutes.c__Clostridia.o__Eubacteriales.f__Lachnospiraceae.g__Lachnospiraceae_unclassified.s__Lachnospiraceae_unclassified_SGB41424
2025-06-04 16:34:08 INFO::Fitting model to feature number 130, k__Bacteria.p__Firmicutes.c__Clostridia.o__Eubacteriales.f__Lachnospiraceae.g__Luxibacter.s__Luxibacter_massiliensis
2025-06-04 16:34:08 INFO::Fitting model to feature number 131, k__Bacteria.p__Firmicutes.c__Clostridia.o__Eubacteriales.f__Lachnospiraceae.g__Schaedlerella.s__Schaedlerella_arabinosiphila
2025-06-04 16:34:08 INFO::Fitting model to feature number 132, k__Bacteria.p__Firmicutes.c__Clostridia.o__Eubacteriales.f__Lachnospiraceae.g__Sporofaciens.s__Sporofaciens_musculi
2025-06-04 16:34:08 INFO::Fitting model to feature number 133, k__Bacteria.p__Firmicutes.c__Clostridia.o__Eubacteriales.f__Oscillospiraceae.g__Acutalibacter.s__Acutalibacter_sp_1XD8_36
2025-06-04 16:34:08 INFO::Fitting model to feature number 134, k__Bacteria.p__Firmicutes.c__Clostridia.o__Eubacteriales.f__Oscillospiraceae.g__Anaerotruncus.s__Anaerotruncus_colihominis
2025-06-04 16:34:08 INFO::Fitting model to feature number 135, k__Bacteria.p__Firmicutes.c__Clostridia.o__Eubacteriales.f__Oscillospiraceae.g__Anaerotruncus.s__Anaerotruncus_sp_1XD42_93
2025-06-04 16:34:08 INFO::Fitting model to feature number 136, k__Bacteria.p__Firmicutes.c__Clostridia.o__Eubacteriales.f__Oscillospiraceae.g__GGB30295.s__GGB30295_SGB43259
2025-06-04 16:34:08 INFO::Fitting model to feature number 137, k__Bacteria.p__Firmicutes.c__Clostridia.o__Eubacteriales.f__Oscillospiraceae.g__GGB30297.s__GGB30297_SGB43261
2025-06-04 16:34:08 INFO::Fitting model to feature number 138, k__Bacteria.p__Firmicutes.c__Clostridia.o__Eubacteriales.f__Oscillospiraceae.g__GGB30451.s__GGB30451_SGB43508
2025-06-04 16:34:08 INFO::Fitting model to feature number 139, k__Bacteria.p__Firmicutes.c__Clostridia.o__Eubacteriales.f__Oscillospiraceae.g__GGB30454.s__GGB30454_SGB43514
2025-06-04 16:34:08 INFO::Fitting model to feature number 140, k__Bacteria.p__Firmicutes.c__Clostridia.o__Eubacteriales.f__Oscillospiraceae.g__GGB30461.s__GGB30461_SGB43530
2025-06-04 16:34:08 INFO::Fitting model to feature number 141, k__Bacteria.p__Firmicutes.c__Clostridia.o__Eubacteriales.f__Oscillospiraceae.g__GGB30461.s__GGB30461_SGB43533
2025-06-04 16:34:08 INFO::Fitting model to feature number 142, k__Bacteria.p__Firmicutes.c__Clostridia.o__Eubacteriales.f__Oscillospiraceae.g__GGB30463.s__GGB30463_SGB43537
2025-06-04 16:34:08 INFO::Fitting model to feature number 143, k__Bacteria.p__Firmicutes.c__Clostridia.o__Eubacteriales.f__Oscillospiraceae.g__GGB30466.s__GGB30466_SGB43540
2025-06-04 16:34:08 INFO::Fitting model to feature number 144, k__Bacteria.p__Firmicutes.c__Clostridia.o__Eubacteriales.f__Oscillospiraceae.g__GGB30466.s__GGB30466_SGB63211
2025-06-04 16:34:08 INFO::Fitting model to feature number 145, k__Bacteria.p__Firmicutes.c__Clostridia.o__Eubacteriales.f__Oscillospiraceae.g__GGB30468.s__GGB30468_SGB43552
2025-06-04 16:34:08 INFO::Fitting model to feature number 146, k__Bacteria.p__Firmicutes.c__Clostridia.o__Eubacteriales.f__Oscillospiraceae.g__GGB30473.s__GGB30473_SGB43557
2025-06-04 16:34:08 INFO::Fitting model to feature number 147, k__Bacteria.p__Firmicutes.c__Clostridia.o__Eubacteriales.f__Oscillospiraceae.g__GGB42343.s__GGB42343_SGB59511
2025-06-04 16:34:08 INFO::Fitting model to feature number 148, k__Bacteria.p__Firmicutes.c__Clostridia.o__Eubacteriales.f__Oscillospiraceae.g__GGB45514.s__GGB45514_SGB63186
2025-06-04 16:34:08 INFO::Fitting model to feature number 149, k__Bacteria.p__Firmicutes.c__Clostridia.o__Eubacteriales.f__Oscillospiraceae.g__GGB45535.s__GGB45535_SGB63214
2025-06-04 16:34:08 INFO::Fitting model to feature number 150, k__Bacteria.p__Firmicutes.c__Clostridia.o__Eubacteriales.f__Oscillospiraceae.g__GGB45536.s__GGB45536_SGB63216
2025-06-04 16:34:08 INFO::Fitting model to feature number 151, k__Bacteria.p__Firmicutes.c__Clostridia.o__Eubacteriales.f__Oscillospiraceae.g__GGB5207.s__GGB5207_SGB43496
2025-06-04 16:34:08 INFO::Fitting model to feature number 152, k__Bacteria.p__Firmicutes.c__Clostridia.o__Eubacteriales.f__Oscillospiraceae.g__GGB74395.s__GGB74395_SGB43523
2025-06-04 16:34:08 INFO::Fitting model to feature number 153, k__Bacteria.p__Firmicutes.c__Clostridia.o__Eubacteriales.f__Oscillospiraceae.g__GGB74408.s__GGB74408_SGB43542
2025-06-04 16:34:08 INFO::Fitting model to feature number 154, k__Bacteria.p__Firmicutes.c__Clostridia.o__Eubacteriales.f__Oscillospiraceae.g__GGB75053.s__GGB75053_SGB43494
2025-06-04 16:34:08 INFO::Fitting model to feature number 155, k__Bacteria.p__Firmicutes.c__Clostridia.o__Eubacteriales.f__Oscillospiraceae.g__GGB75055.s__GGB75055_SGB43513
2025-06-04 16:34:08 INFO::Fitting model to feature number 156, k__Bacteria.p__Firmicutes.c__Clostridia.o__Eubacteriales.f__Oscillospiraceae.g__GGB75064.s__GGB75064_SGB102200
2025-06-04 16:34:08 INFO::Fitting model to feature number 157, k__Bacteria.p__Firmicutes.c__Clostridia.o__Eubacteriales.f__Oscillospiraceae.g__GGB75064.s__GGB75064_SGB43546
2025-06-04 16:34:08 INFO::Fitting model to feature number 158, k__Bacteria.p__Firmicutes.c__Clostridia.o__Eubacteriales.f__Oscillospiraceae.g__GGB79680.s__GGB79680_SGB94989
2025-06-04 16:34:08 INFO::Fitting model to feature number 159, k__Bacteria.p__Firmicutes.c__Clostridia.o__Eubacteriales.f__Oscillospiraceae.g__GGB79857.s__GGB79857_SGB42426
2025-06-04 16:34:08 INFO::Fitting model to feature number 160, k__Bacteria.p__Firmicutes.c__Clostridia.o__Eubacteriales.f__Oscillospiraceae.g__Neglectibacter.s__Neglectibacter_sp_X4
2025-06-04 16:34:08 INFO::Fitting model to feature number 161, k__Bacteria.p__Firmicutes.c__Clostridia.o__Eubacteriales.f__Oscillospiraceae.g__Oscillibacter.s__Oscillibacter_SGB43502
2025-06-04 16:34:08 INFO::Fitting model to feature number 162, k__Bacteria.p__Firmicutes.c__Clostridia.o__Eubacteriales.f__Oscillospiraceae.g__Oscillibacter.s__Oscillibacter_SGB43505
2025-06-04 16:34:08 INFO::Fitting model to feature number 163, k__Bacteria.p__Firmicutes.c__Clostridia.o__Eubacteriales.f__Oscillospiraceae.g__Oscillibacter.s__Oscillibacter_sp_1_3
2025-06-04 16:34:08 INFO::Fitting model to feature number 164, k__Bacteria.p__Firmicutes.c__Clostridia.o__Eubacteriales.f__Oscillospiraceae.g__Oscillibacter.s__Oscillibacter_sp_CU971
2025-06-04 16:34:08 INFO::Fitting model to feature number 165, k__Bacteria.p__Firmicutes.c__Clostridia.o__Eubacteriales.f__Peptostreptococcaceae.g__GGB29683.s__GGB29683_SGB42492
2025-06-04 16:34:08 INFO::Fitting model to feature number 166, k__Bacteria.p__Firmicutes.c__Clostridia.o__Eubacteriales.f__Peptostreptococcaceae.g__GGB42586.s__GGB42586_SGB59781
2025-06-04 16:34:08 INFO::Fitting model to feature number 167, k__Bacteria.p__Firmicutes.c__Erysipelotrichia.o__Erysipelotrichales.f__Erysipelotrichaceae.g__Dubosiella.s__Dubosiella_newyorkensis
2025-06-04 16:34:08 INFO::Fitting model to feature number 168, k__Bacteria.p__Firmicutes.c__Erysipelotrichia.o__Erysipelotrichales.f__Erysipelotrichaceae.g__Erysipelatoclostridium.s__Clostridium_cocleatum
2025-06-04 16:34:08 INFO::Fitting model to feature number 169, k__Bacteria.p__Firmicutes.c__Erysipelotrichia.o__Erysipelotrichales.f__Erysipelotrichaceae.g__Faecalibaculum.s__Faecalibaculum_rodentium
2025-06-04 16:34:08 INFO::Fitting model to feature number 170, k__Bacteria.p__Firmicutes.c__Erysipelotrichia.o__Erysipelotrichales.f__Erysipelotrichaceae.g__GGB31184.s__GGB31184_SGB44478
2025-06-04 16:34:08 INFO::Fitting model to feature number 171, k__Bacteria.p__Firmicutes.c__Erysipelotrichia.o__Erysipelotrichales.f__Erysipelotrichaceae.g__Longicatena.s__Longicatena_SGB42494
2025-06-04 16:34:08 INFO::Fitting model to feature number 172, k__Bacteria.p__Firmicutes.c__Erysipelotrichia.o__Erysipelotrichales.f__Turicibacteraceae.g__Turicibacter.s__Turicibacter_sp_TS3
2025-06-04 16:34:08 INFO::Fitting model to feature number 173, k__Bacteria.p__Proteobacteria.c__Betaproteobacteria.o__Betaproteobacteria_unclassified.f__Betaproteobacteria_unclassified.g__GGB79594.s__GGB79594_SGB41414
2025-06-04 16:34:08 INFO::Fitting model to feature number 174, k__Bacteria.p__Proteobacteria.c__Betaproteobacteria.o__Rhodocyclales.f__Rhodocyclaceae.g__GGB31173.s__GGB31173_SGB44464
2025-06-04 16:34:08 INFO::Fitting model to feature number 175, k__Bacteria.p__Proteobacteria.c__Betaproteobacteria.o__Rhodocyclales.f__Zoogloeaceae.g__Zoogloea.s__Zoogloea_SGB41465
2025-06-04 16:34:08 INFO::Fitting model to feature number 176, k__Bacteria.p__Proteobacteria.c__Deltaproteobacteria.o__Desulfovibrionales.f__Desulfovibrionaceae.g__Desulfovibrio.s__Desulfovibrio_SGB41239
2025-06-04 16:34:08 INFO::Fitting model to feature number 177, k__Bacteria.p__Tenericutes.c__CFGB1791.o__OFGB1791.f__FGB1791.g__GGB31312.s__GGB31312_SGB44628
2025-06-04 16:34:08 INFO::Fitting model to feature number 178, k__Bacteria.p__Verrucomicrobia.c__Verrucomicrobiae.o__Verrucomicrobiales.f__Akkermansiaceae.g__Akkermansia.s__Akkermansia_muciniphila
2025-06-04 16:34:08 INFO::Counting total values for each feature
2025-06-04 16:34:08 INFO::Writing residuals to file ETV364_differential_taxa_Maaslin2_Cyp7a1/residuals.rds
2025-06-04 16:34:08 INFO::Writing fitted values to file ETV364_differential_taxa_Maaslin2_Cyp7a1/fitted.rds
2025-06-04 16:34:08 INFO::Writing all results to file (ordered by increasing q-values): ETV364_differential_taxa_Maaslin2_Cyp7a1/all_results.tsv
2025-06-04 16:34:08 INFO::Writing the significant results (those which are less than or equal to the threshold of 0.250000 ) to file (ordered by increasing q-values): ETV364_differential_taxa_Maaslin2_Cyp7a1/significant_results.tsv
